warning: Git tree '/home/hiimkobeand/.dotfiles/nixos' is dirty
building the system configuration...
warning: Git tree '/home/hiimkobeand/.dotfiles/nixos' is dirty
trace: evaluation warning: The option `hardware.opengl.enable' defined in `/nix/store/2fzjls9bslapprx4ijni6w44pq51hy0a-source/system/nvidia.nix' has been renamed to `hardware.graphics.enable'.
these 7 derivations will be built:
  /nix/store/h9a8lziiaj6yp38xgdp4r6pz871q5vdl-hm_nviminit.lua.drv
  /nix/store/zg7x50rgj4vbz5w8gb70l18fwxhvy4rf-home-manager-files.drv
  /nix/store/zywn70rcrnr88yzkkpl24j39rdgdidh8-home-manager-generation.drv
  /nix/store/2xxlb1n7w8k735nq38j9013346wxg7ci-unit-home-manager-hiimkobeand.service.drv
  /nix/store/7ccf6njrqd6ynpqy0rv1wh87jpdij94x-system-units.drv
  /nix/store/nxkcybz4agaxy34k9bpmmqx050xnhncn-etc.drv
  /nix/store/snwa7rp9qrparxyn62ggj7kvvk8anmjq-nixos-system-nixos-24.11.20240731.9f918d6.drv
building '/nix/store/h9a8lziiaj6yp38xgdp4r6pz871q5vdl-hm_nviminit.lua.drv'...
building '/nix/store/zg7x50rgj4vbz5w8gb70l18fwxhvy4rf-home-manager-files.drv'...
building '/nix/store/zywn70rcrnr88yzkkpl24j39rdgdidh8-home-manager-generation.drv'...
building '/nix/store/2xxlb1n7w8k735nq38j9013346wxg7ci-unit-home-manager-hiimkobeand.service.drv'...
building '/nix/store/7ccf6njrqd6ynpqy0rv1wh87jpdij94x-system-units.drv'...
building '/nix/store/nxkcybz4agaxy34k9bpmmqx050xnhncn-etc.drv'...
building '/nix/store/snwa7rp9qrparxyn62ggj7kvvk8anmjq-nixos-system-nixos-24.11.20240731.9f918d6.drv'...
activating the configuration...
setting up /etc...
reloading user units for hiimkobeand...
restarting sysinit-reactivation.target
restarting the following units: home-manager-hiimkobeand.service
